<?xml version="1.0" encoding="UTF-8"?>
<!-- Generated by org.testng.reporters.JUnitXMLReporter -->
<testsuite ignored="0" hostname="TarushDubale" failures="0" tests="3" name="Default test" time="140.608" errors="0" timestamp="2024-02-28T19:10:18 IST">
  <testcase classname="test.TestNGClass" name="InvalidPass" time="0.539"/>
  <testcase classname="test.TestNGClass" name="InvalidUser" time="0.524"/>
  <testcase classname="test.TestNGClass" name="validTestcase" time="2.064"/>
</testsuite> <!-- Default test -->
