<?xml version="1.0" encoding="UTF-8"?>
<testng-results ignored="0" total="3" passed="3" failed="0" skipped="0">
  <reporter-output>
  </reporter-output>
  <suite started-at="2024-02-28T19:07:57 IST" name="Default suite" finished-at="2024-02-28T19:10:18 IST" duration-ms="140608">
    <groups>
    </groups>
    <test started-at="2024-02-28T19:07:57 IST" name="Default test" finished-at="2024-02-28T19:10:18 IST" duration-ms="140608">
      <class name="test.TestNGClass">
        <test-method is-config="true" signature="beforeMethod()[pri:0, instance:test.TestNGClass@5be6e01c]" started-at="2024-02-28T19:07:57 IST" name="beforeMethod" finished-at="2024-02-28T19:08:43 IST" duration-ms="45798" status="PASS">
          <reporter-output>
          </reporter-output>
        </test-method> <!-- beforeMethod -->
        <test-method signature="InvalidPass()[pri:0, instance:test.TestNGClass@5be6e01c]" started-at="2024-02-28T19:08:43 IST" name="InvalidPass" finished-at="2024-02-28T19:08:44 IST" duration-ms="539" status="PASS">
          <reporter-output>
          </reporter-output>
        </test-method> <!-- InvalidPass -->
        <test-method is-config="true" signature="afterMethod()[pri:0, instance:test.TestNGClass@5be6e01c]" started-at="2024-02-28T19:08:44 IST" name="afterMethod" finished-at="2024-02-28T19:08:44 IST" duration-ms="431" status="PASS">
          <reporter-output>
          </reporter-output>
        </test-method> <!-- afterMethod -->
        <test-method is-config="true" signature="beforeMethod()[pri:0, instance:test.TestNGClass@5be6e01c]" started-at="2024-02-28T19:08:44 IST" name="beforeMethod" finished-at="2024-02-28T19:09:29 IST" duration-ms="45322" status="PASS">
          <reporter-output>
          </reporter-output>
        </test-method> <!-- beforeMethod -->
        <test-method signature="InvalidUser()[pri:0, instance:test.TestNGClass@5be6e01c]" started-at="2024-02-28T19:09:29 IST" name="InvalidUser" finished-at="2024-02-28T19:09:30 IST" duration-ms="524" status="PASS">
          <reporter-output>
          </reporter-output>
        </test-method> <!-- InvalidUser -->
        <test-method is-config="true" signature="afterMethod()[pri:0, instance:test.TestNGClass@5be6e01c]" started-at="2024-02-28T19:09:30 IST" name="afterMethod" finished-at="2024-02-28T19:09:30 IST" duration-ms="374" status="PASS">
          <reporter-output>
          </reporter-output>
        </test-method> <!-- afterMethod -->
        <test-method is-config="true" signature="beforeMethod()[pri:0, instance:test.TestNGClass@5be6e01c]" started-at="2024-02-28T19:09:30 IST" name="beforeMethod" finished-at="2024-02-28T19:10:15 IST" duration-ms="45169" status="PASS">
          <reporter-output>
          </reporter-output>
        </test-method> <!-- beforeMethod -->
        <test-method signature="validTestcase()[pri:0, instance:test.TestNGClass@5be6e01c]" started-at="2024-02-28T19:10:15 IST" name="validTestcase" finished-at="2024-02-28T19:10:17 IST" duration-ms="2064" status="PASS">
          <reporter-output>
          </reporter-output>
        </test-method> <!-- validTestcase -->
        <test-method is-config="true" signature="afterMethod()[pri:0, instance:test.TestNGClass@5be6e01c]" started-at="2024-02-28T19:10:17 IST" name="afterMethod" finished-at="2024-02-28T19:10:18 IST" duration-ms="329" status="PASS">
          <reporter-output>
          </reporter-output>
        </test-method> <!-- afterMethod -->
      </class> <!-- test.TestNGClass -->
    </test> <!-- Default test -->
  </suite> <!-- Default suite -->
</testng-results>
