<?xml version="1.0" encoding="UTF-8"?>
<testng-results ignored="0" total="2" passed="2" failed="0" skipped="0">
  <reporter-output>
  </reporter-output>
  <suite started-at="2024-03-01T19:15:13 IST" name="Default suite" finished-at="2024-03-01T19:15:46 IST" duration-ms="32974">
    <groups>
    </groups>
    <test started-at="2024-03-01T19:15:13 IST" name="Default test" finished-at="2024-03-01T19:15:46 IST" duration-ms="32974">
      <class name="test.TestNGTest">
        <test-method is-config="true" signature="beforeClass()[pri:0, instance:test.TestNGTest@29626d54]" started-at="2024-03-01T19:15:13 IST" name="beforeClass" finished-at="2024-03-01T19:15:45 IST" duration-ms="32087" status="PASS">
          <reporter-output>
          </reporter-output>
        </test-method> <!-- beforeClass -->
        <test-method signature="testCaseOne()[pri:0, instance:test.TestNGTest@29626d54]" started-at="2024-03-01T19:15:45 IST" name="testCaseOne" finished-at="2024-03-01T19:15:46 IST" duration-ms="389" status="PASS">
          <reporter-output>
          </reporter-output>
        </test-method> <!-- testCaseOne -->
        <test-method signature="testCaseTwo()[pri:0, instance:test.TestNGTest@29626d54]" started-at="2024-03-01T19:15:46 IST" name="testCaseTwo" finished-at="2024-03-01T19:15:46 IST" duration-ms="93" status="PASS">
          <reporter-output>
          </reporter-output>
        </test-method> <!-- testCaseTwo -->
        <test-method is-config="true" signature="afterClass()[pri:0, instance:test.TestNGTest@29626d54]" started-at="2024-03-01T19:15:46 IST" name="afterClass" finished-at="2024-03-01T19:15:46 IST" duration-ms="343" status="PASS">
          <reporter-output>
          </reporter-output>
        </test-method> <!-- afterClass -->
      </class> <!-- test.TestNGTest -->
    </test> <!-- Default test -->
  </suite> <!-- Default suite -->
</testng-results>
